<?xml version="1.0" encoding="UTF-8"?>
<testsuite name="Test" tests="1" skipped="0" failures="0" errors="0" timestamp="2025-08-20T03:40:44.492Z" hostname="N0TSANTIAGO" time="0.279">
  <properties/>
  <testcase name="testSolution()" classname="Test" time="0.279"/>
  <system-out><![CDATA[]]></system-out>
  <system-err><![CDATA[]]></system-err>
</testsuite>
